{"level":"info","msg":"[info] start http server listening :8000","time":"2020-04-27T18:35:17+08:00"}
{"level":"info","msg":"1","time":"2020-04-27T18:35:22+08:00"}
{"level":"info","msg":"[info] start http server listening :8000","time":"2020-04-27T18:40:12+08:00"}
{"level":"info","msg":"{你好 语音}","time":"2020-04-27T18:41:11+08:00"}
{"level":"info","msg":"[info] start http server listening :8000","time":"2020-04-27T18:41:46+08:00"}
{"level":"info","msg":"{1 你好 语音}","time":"2020-04-27T18:41:52+08:00"}
{"level":"info","msg":"[info] start http server listening :8000","time":"2020-04-27T18:48:36+08:00"}
{"level":"info","msg":"1","time":"2020-04-27T18:48:48+08:00"}
{"level":"info","msg":"[info] start http server listening :8000","time":"2020-04-27T19:06:20+08:00"}
{"level":"info","msg":"1","time":"2020-04-27T19:09:12+08:00"}
{"level":"info","msg":"[info] start http server listening :8000","time":"2020-04-27T19:14:52+08:00"}
{"level":"info","msg":"1","time":"2020-04-27T19:15:29+08:00"}
{"level":"info","msg":"[info] start http server listening :8000","time":"2020-04-28T12:07:23+08:00"}
{"level":"info","msg":"[info] start http server listening :8000","time":"2020-04-29T10:26:53+08:00"}
{"level":"info","msg":"[info] start http server listening :8000","time":"2020-04-29T11:59:28+08:00"}
{"level":"info","msg":"0","time":"2020-04-29T12:00:47+08:00"}
{"level":"info","msg":"1","time":"2020-04-29T12:01:24+08:00"}
{"level":"info","msg":"0","time":"2020-04-29T12:02:24+08:00"}
{"level":"info","msg":"[info] start http server listening :8000","time":"2020-04-29T12:03:47+08:00"}
{"level":"info","msg":"0","time":"2020-04-29T12:03:51+08:00"}
{"level":"info","msg":"[info] start http server listening :8000","time":"2020-04-29T12:05:41+08:00"}
{"level":"info","msg":"0","time":"2020-04-29T12:05:44+08:00"}
{"level":"info","msg":"[info] start http server listening :8000","time":"2020-04-29T12:07:40+08:00"}
{"level":"info","msg":"0","time":"2020-04-29T12:07:43+08:00"}
{"level":"info","msg":"[info] start http server listening :8000","time":"2020-04-29T12:08:23+08:00"}
{"level":"info","msg":"0","time":"2020-04-29T12:08:26+08:00"}
{"level":"info","msg":"[info] start http server listening :8000","time":"2020-04-29T12:09:20+08:00"}
{"level":"info","msg":"0","time":"2020-04-29T12:09:23+08:00"}
{"level":"info","msg":"[info] start http server listening :8000","time":"2020-04-29T12:10:59+08:00"}
{"level":"info","msg":"[info] start http server listening :8000","time":"2020-04-29T12:19:23+08:00"}
{"level":"info","msg":"0","time":"2020-04-29T12:19:27+08:00"}
{"level":"info","msg":"[info] start http server listening :8000","time":"2020-04-29T14:10:07+08:00"}
{"level":"info","msg":"0","time":"2020-04-29T14:10:10+08:00"}
{"level":"info","msg":"[info] start http server listening :8000","time":"2020-04-29T14:14:06+08:00"}
{"level":"info","msg":"[info] start http server listening :8000","time":"2020-04-29T14:16:27+08:00"}
{"level":"info","msg":"[info] start http server listening :8000","time":"2020-04-29T14:18:28+08:00"}
{"level":"info","msg":"[info] start http server listening :8000","time":"2020-04-29T14:20:10+08:00"}
{"level":"info","msg":"0","time":"2020-04-29T14:20:14+08:00"}
{"level":"info","msg":"[info] start http server listening :8000","time":"2020-04-29T14:20:39+08:00"}
{"level":"info","msg":"0","time":"2020-04-29T14:20:44+08:00"}
{"level":"info","msg":"0","time":"2020-04-29T14:39:59+08:00"}
{"level":"info","msg":"0","time":"2020-04-29T14:40:34+08:00"}
{"level":"info","msg":"0","time":"2020-04-29T14:46:02+08:00"}
{"level":"info","msg":"0","time":"2020-04-29T14:46:19+08:00"}
{"level":"info","msg":"0","time":"2020-04-29T14:51:42+08:00"}
{"level":"info","msg":"0","time":"2020-04-29T14:52:56+08:00"}
{"level":"info","msg":"0","time":"2020-04-29T14:55:52+08:00"}
{"level":"info","msg":"0","time":"2020-04-29T14:56:30+08:00"}
{"level":"info","msg":"0","time":"2020-04-29T15:00:10+08:00"}
{"level":"info","msg":"0","time":"2020-04-29T15:18:07+08:00"}
{"level":"info","msg":"0","time":"2020-04-29T15:19:11+08:00"}
{"level":"info","msg":"0","time":"2020-04-29T15:27:08+08:00"}
{"level":"info","msg":"0","time":"2020-04-29T15:28:33+08:00"}
{"level":"info","msg":"0","time":"2020-04-29T15:35:01+08:00"}
{"level":"info","msg":"0","time":"2020-04-29T15:39:03+08:00"}
{"level":"info","msg":"0","time":"2020-04-29T15:45:28+08:00"}
{"level":"info","msg":"0","time":"2020-04-29T15:54:42+08:00"}
{"level":"info","msg":"0","time":"2020-04-29T15:59:08+08:00"}
{"level":"info","msg":"0","time":"2020-04-29T16:01:21+08:00"}
{"level":"info","msg":"0","time":"2020-04-29T16:06:16+08:00"}
{"level":"info","msg":"0","time":"2020-04-29T16:10:43+08:00"}
{"level":"info","msg":"0","time":"2020-04-29T16:13:01+08:00"}
{"level":"info","msg":"0","time":"2020-04-29T16:16:02+08:00"}
{"level":"info","msg":"0","time":"2020-04-29T16:24:16+08:00"}
{"level":"info","msg":"0","time":"2020-04-29T16:27:51+08:00"}
{"level":"info","msg":"0","time":"2020-04-29T16:28:42+08:00"}
{"level":"info","msg":"0","time":"2020-04-29T16:30:54+08:00"}
{"level":"info","msg":"0","time":"2020-04-29T16:34:54+08:00"}
{"level":"info","msg":"0","time":"2020-04-29T16:37:59+08:00"}
{"level":"info","msg":"0","time":"2020-04-29T16:46:49+08:00"}
{"level":"info","msg":"0","time":"2020-04-29T16:49:23+08:00"}
{"level":"info","msg":"[info] start http server listening :8000","time":"2020-04-29T17:21:00+08:00"}
{"level":"info","msg":"{1 你好 语音}","time":"2020-04-29T17:22:29+08:00"}
{"level":"info","msg":"{1 你好 语音}","time":"2020-04-29T17:29:33+08:00"}
{"level":"info","msg":"{1 你好 语音}","time":"2020-04-29T17:30:34+08:00"}
{"level":"info","msg":"{1 你好111 语音111}","time":"2020-04-29T17:32:52+08:00"}
{"level":"info","msg":"[info] start http server listening :8000","time":"2020-04-29T17:33:04+08:00"}
{"level":"info","msg":"{1 你好111 语音111}","time":"2020-04-29T17:33:07+08:00"}
{"level":"info","msg":"0","time":"2020-04-29T17:53:15+08:00"}
{"level":"info","msg":"0","time":"2020-04-29T17:55:13+08:00"}
{"level":"info","msg":"0","time":"2020-04-29T18:00:30+08:00"}
{"level":"info","msg":"0","time":"2020-04-29T18:02:18+08:00"}
{"level":"info","msg":"0","time":"2020-04-29T18:05:57+08:00"}
{"level":"info","msg":"0","time":"2020-04-29T18:07:29+08:00"}
{"level":"info","msg":"{1 11111111 }","time":"2020-04-29T18:12:29+08:00"}
{"level":"info","msg":"0","time":"2020-04-29T18:14:45+08:00"}
{"level":"info","msg":"0","time":"2020-04-29T18:16:40+08:00"}
{"level":"info","msg":"0","time":"2020-04-29T18:18:56+08:00"}
{"level":"info","msg":"0","time":"2020-04-29T18:25:02+08:00"}
{"level":"info","msg":"[info] start http server listening :8000","time":"2020-04-29T18:26:06+08:00"}
{"level":"info","msg":"{1 你好111 语音111}","time":"2020-04-29T18:26:13+08:00"}
{"level":"info","msg":"{1 11111111 }","time":"2020-04-29T18:26:33+08:00"}
{"level":"info","msg":"[info] start http server listening :8000","time":"2020-04-29T18:49:27+08:00"}
{"level":"info","msg":"Id.Required.Can not be empty","time":"2020-04-29T18:49:34+08:00"}
{"level":"info","msg":"Text.Required.Can not be empty","time":"2020-04-29T18:49:34+08:00"}
{"level":"warning","msg":"request Content-Type isn't multipart/form-data","time":"2020-04-29T18:49:46+08:00"}
{"level":"info","msg":"[info] start http server listening :8000","time":"2020-04-29T18:52:50+08:00"}
{"level":"info","msg":"Id.Required.Can not be empty","time":"2020-04-29T18:59:01+08:00"}
{"level":"info","msg":"Text.Required.Can not be empty","time":"2020-04-29T18:59:01+08:00"}
{"level":"info","msg":"[info] start http server listening :8000","time":"2020-04-29T18:59:40+08:00"}
{"level":"warning","msg":"http: no such file","time":"2020-04-29T18:59:50+08:00"}
{"level":"warning","msg":"http: no such file","time":"2020-04-29T19:00:00+08:00"}
{"level":"warning","msg":"http: no such file","time":"2020-04-29T19:00:15+08:00"}
{"level":"info","msg":"[info] start http server listening :8000","time":"2020-04-29T19:00:44+08:00"}
{"level":"warning","msg":"http: no such file","time":"2020-04-29T19:02:10+08:00"}
{"level":"warning","msg":"http: no such file","time":"2020-04-29T19:02:16+08:00"}
{"level":"warning","msg":"http: no such file","time":"2020-04-29T19:03:33+08:00"}
{"level":"info","msg":"Id.Required.Can not be empty","time":"2020-04-29T19:03:51+08:00"}
{"level":"info","msg":"Text.Required.Can not be empty","time":"2020-04-29T19:03:51+08:00"}
{"level":"info","msg":"Id.Required.Can not be empty","time":"2020-04-29T19:03:53+08:00"}
{"level":"info","msg":"Text.Required.Can not be empty","time":"2020-04-29T19:03:53+08:00"}
{"level":"warning","msg":"http: no such file","time":"2020-04-29T19:04:14+08:00"}
{"level":"warning","msg":"http: no such file","time":"2020-04-29T19:04:15+08:00"}
{"level":"warning","msg":"http: no such file","time":"2020-04-29T19:04:31+08:00"}
{"level":"warning","msg":"http: no such file","time":"2020-04-29T19:04:32+08:00"}
{"level":"warning","msg":"http: no such file","time":"2020-04-29T19:04:33+08:00"}
{"level":"warning","msg":"http: no such file","time":"2020-04-29T19:04:34+08:00"}
{"level":"info","msg":"Id.Required.Can not be empty","time":"2020-04-29T19:05:48+08:00"}
{"level":"info","msg":"Text.Required.Can not be empty","time":"2020-04-29T19:05:48+08:00"}
{"level":"info","msg":"Id.Required.Can not be empty","time":"2020-04-29T19:07:27+08:00"}
{"level":"info","msg":"Text.Required.Can not be empty","time":"2020-04-29T19:07:27+08:00"}
{"level":"info","msg":"Id.Required.Can not be empty","time":"2020-04-29T19:09:15+08:00"}
{"level":"info","msg":"Text.Required.Can not be empty","time":"2020-04-29T19:09:15+08:00"}
{"level":"info","msg":"[info] start http server listening :8000","time":"2020-04-30T10:46:30+08:00"}
